<?xml version="1.0" encoding="UTF-8"?>
<!-- Generated by org.testng.reporters.JUnitReportReporter -->
<testsuite hostname="IN2132738W1" failures="0" tests="1" name="framework.SecondTestNG" time="0.423" errors="0" timestamp="2023-01-05T10:58:09 IST" skipped="0">
  <testcase classname="framework.SecondTestNG" name="f" time="0.423"/>
  <system-out/>
</testsuite> <!-- framework.SecondTestNG -->
